<?xml version='1.0' encoding='utf-8'?>
<testsuites><testsuite name="edge_cases" tests="2" failures="0" errors="0" time="0.003421306610107422"><testcase name="boundary_conditions.💀" classname="edge_cases" time="0.0017743110656738281" /><testcase name="malformed_input.💀" classname="edge_cases" time="0.0016469955444335938" /></testsuite><testsuite name="performance" tests="1" failures="0" errors="0" time="0.001321554183959961"><testcase name="benchmark_suite.💀" classname="performance" time="0.001321554183959961" /></testsuite><testsuite name="integration" tests="1" failures="0" errors="0" time="0.0012102127075195312"><testcase name="module_integration.💀" classname="integration" time="0.0012102127075195312" /></testsuite><testsuite name="stress" tests="1" failures="0" errors="0" time="0.0009074211120605469"><testcase name="resource_exhaustion.💀" classname="stress" time="0.0009074211120605469" /></testsuite><testsuite name="security" tests="1" failures="0" errors="0" time="0.0008370876312255859"><testcase name="injection_prevention.💀" classname="security" time="0.0008370876312255859" /></testsuite><testsuite name="cross_platform" tests="1" failures="0" errors="0" time="0.0009067058563232422"><testcase name="platform_validation.💀" classname="cross_platform" time="0.0009067058563232422" /></testsuite></testsuites>